Determining if the function sgemm_ exists failed with the following output:
Change Dir: /home/shu/GitHub/DeformableSLAM/cmake-build-debug/CMakeFiles/CMakeTmp

Run Build Command(s):/usr/bin/make -f Makefile cmTC_58ae9/fast && /usr/bin/make  -f CMakeFiles/cmTC_58ae9.dir/build.make CMakeFiles/cmTC_58ae9.dir/build
make[1]: Entering directory '/home/shu/GitHub/DeformableSLAM/cmake-build-debug/CMakeFiles/CMakeTmp'
Building C object CMakeFiles/cmTC_58ae9.dir/CheckFunctionExists.c.o
/usr/bin/cc   -Wall -O3 -march=native -fopenmp -Wno-deprecated-declarations -DCHECK_FUNCTION_EXISTS=sgemm_ -o CMakeFiles/cmTC_58ae9.dir/CheckFunctionExists.c.o -c /home/shu/Programs/clion-2022.1.3/bin/cmake/linux/share/cmake-3.22/Modules/CheckFunctionExists.c
Linking C executable cmTC_58ae9
/home/shu/Programs/clion-2022.1.3/bin/cmake/linux/bin/cmake -E cmake_link_script CMakeFiles/cmTC_58ae9.dir/link.txt --verbose=1
/usr/bin/cc   -Wall -O3 -march=native -fopenmp -Wno-deprecated-declarations -DCHECK_FUNCTION_EXISTS=sgemm_ -rdynamic CMakeFiles/cmTC_58ae9.dir/CheckFunctionExists.c.o -o cmTC_58ae9 
/usr/bin/ld: CMakeFiles/cmTC_58ae9.dir/CheckFunctionExists.c.o: in function `main':
CheckFunctionExists.c:(.text.startup+0xc): undefined reference to `sgemm_'
collect2: error: ld returned 1 exit status
make[1]: *** [CMakeFiles/cmTC_58ae9.dir/build.make:99: cmTC_58ae9] Error 1
make[1]: Leaving directory '/home/shu/GitHub/DeformableSLAM/cmake-build-debug/CMakeFiles/CMakeTmp'
make: *** [Makefile:127: cmTC_58ae9/fast] Error 2



Determining if the function cheev_ exists failed with the following output:
Change Dir: /home/shu/GitHub/DeformableSLAM/cmake-build-debug/CMakeFiles/CMakeTmp

Run Build Command(s):/usr/bin/make -f Makefile cmTC_99c70/fast && /usr/bin/make  -f CMakeFiles/cmTC_99c70.dir/build.make CMakeFiles/cmTC_99c70.dir/build
make[1]: Entering directory '/home/shu/GitHub/DeformableSLAM/cmake-build-debug/CMakeFiles/CMakeTmp'
Building C object CMakeFiles/cmTC_99c70.dir/CheckFunctionExists.c.o
/usr/bin/cc   -Wall -O3 -march=native -fopenmp -Wno-deprecated-declarations -DCHECK_FUNCTION_EXISTS=cheev_ -o CMakeFiles/cmTC_99c70.dir/CheckFunctionExists.c.o -c /home/shu/Programs/clion-2022.1.3/bin/cmake/linux/share/cmake-3.22/Modules/CheckFunctionExists.c
Linking C executable cmTC_99c70
/home/shu/Programs/clion-2022.1.3/bin/cmake/linux/bin/cmake -E cmake_link_script CMakeFiles/cmTC_99c70.dir/link.txt --verbose=1
/usr/bin/cc   -Wall -O3 -march=native -fopenmp -Wno-deprecated-declarations -DCHECK_FUNCTION_EXISTS=cheev_ -rdynamic CMakeFiles/cmTC_99c70.dir/CheckFunctionExists.c.o -o cmTC_99c70  /usr/lib/x86_64-linux-gnu/libblas.so /usr/lib/x86_64-linux-gnu/libf77blas.so /usr/lib/x86_64-linux-gnu/libatlas.so -lm -ldl 
/usr/bin/ld: CMakeFiles/cmTC_99c70.dir/CheckFunctionExists.c.o: in function `main':
CheckFunctionExists.c:(.text.startup+0xc): undefined reference to `cheev_'
collect2: error: ld returned 1 exit status
make[1]: *** [CMakeFiles/cmTC_99c70.dir/build.make:102: cmTC_99c70] Error 1
make[1]: Leaving directory '/home/shu/GitHub/DeformableSLAM/cmake-build-debug/CMakeFiles/CMakeTmp'
make: *** [Makefile:127: cmTC_99c70/fast] Error 2



Determining if the function cheev_ exists failed with the following output:
Change Dir: /home/shu/GitHub/DeformableSLAM/cmake-build-debug/CMakeFiles/CMakeTmp

Run Build Command(s):/usr/bin/make -f Makefile cmTC_1217f/fast && /usr/bin/make  -f CMakeFiles/cmTC_1217f.dir/build.make CMakeFiles/cmTC_1217f.dir/build
make[1]: Entering directory '/home/shu/GitHub/DeformableSLAM/cmake-build-debug/CMakeFiles/CMakeTmp'
Building C object CMakeFiles/cmTC_1217f.dir/CheckFunctionExists.c.o
/usr/bin/cc   -Wall -O3 -march=native -fopenmp -Wno-deprecated-declarations -DCHECK_FUNCTION_EXISTS=cheev_ -o CMakeFiles/cmTC_1217f.dir/CheckFunctionExists.c.o -c /home/shu/Programs/clion-2022.1.3/bin/cmake/linux/share/cmake-3.22/Modules/CheckFunctionExists.c
Linking C executable cmTC_1217f
/home/shu/Programs/clion-2022.1.3/bin/cmake/linux/bin/cmake -E cmake_link_script CMakeFiles/cmTC_1217f.dir/link.txt --verbose=1
/usr/bin/cc   -Wall -O3 -march=native -fopenmp -Wno-deprecated-declarations -DCHECK_FUNCTION_EXISTS=cheev_ -rdynamic CMakeFiles/cmTC_1217f.dir/CheckFunctionExists.c.o -o cmTC_1217f  /usr/lib/x86_64-linux-gnu/liblapack.so /usr/lib/x86_64-linux-gnu/libblas.so /usr/lib/x86_64-linux-gnu/libf77blas.so /usr/lib/x86_64-linux-gnu/libatlas.so -fortranlibs 
cc: error: unrecognized command line option ‘-fortranlibs’; did you mean ‘-fltrans’?
make[1]: *** [CMakeFiles/cmTC_1217f.dir/build.make:103: cmTC_1217f] Error 1
make[1]: Leaving directory '/home/shu/GitHub/DeformableSLAM/cmake-build-debug/CMakeFiles/CMakeTmp'
make: *** [Makefile:127: cmTC_1217f/fast] Error 2



